The system is: Linux - 3.10.0-1062.12.1.el7.x86_64 - x86_64
Compiling the C compiler identification source file "CMakeCCompilerId.c" succeeded.
Compiler: /usr/local/gcc/8.1.0/bin/gcc 
Build flags: -I/usr/local/gcc/8.1.0/include
Id flags:  

The output was:
0


Compilation of the C compiler identification source "CMakeCCompilerId.c" produced "a.out"

The C compiler identification is GNU, found in "/home/yuans/CSP/GUROBI/build/CMakeFiles/3.15.4/CompilerIdC/a.out"

Compiling the CXX compiler identification source file "CMakeCXXCompilerId.cpp" succeeded.
Compiler: /usr/local/gcc/8.1.0/bin/g++ 
Build flags: -I/usr/local/gcc/8.1.0/include
Id flags:  

The output was:
0


Compilation of the CXX compiler identification source "CMakeCXXCompilerId.cpp" produced "a.out"

The CXX compiler identification is GNU, found in "/home/yuans/CSP/GUROBI/build/CMakeFiles/3.15.4/CompilerIdCXX/a.out"

Determining if the C compiler works passed with the following output:
Change Dir: /home/yuans/CSP/GUROBI/build/CMakeFiles/CMakeTmp

Run Build Command(s):/bin/gmake cmTC_851b4/fast && /bin/gmake -f CMakeFiles/cmTC_851b4.dir/build.make CMakeFiles/cmTC_851b4.dir/build
gmake[1]: Entering directory `/home/yuans/CSP/GUROBI/build/CMakeFiles/CMakeTmp'
Building C object CMakeFiles/cmTC_851b4.dir/testCCompiler.c.o
/usr/local/gcc/8.1.0/bin/gcc   -I/usr/local/gcc/8.1.0/include    -o CMakeFiles/cmTC_851b4.dir/testCCompiler.c.o   -c /home/yuans/CSP/GUROBI/build/CMakeFiles/CMakeTmp/testCCompiler.c
Linking C executable cmTC_851b4
/usr/local/cmake/3.15.4-gcc8/bin/cmake -E cmake_link_script CMakeFiles/cmTC_851b4.dir/link.txt --verbose=1
/usr/local/gcc/8.1.0/bin/gcc -I/usr/local/gcc/8.1.0/include   -L/usr/local/cmake/3.15.4-gcc8/lib -L/usr/local/gcc/8.1.0/lib64  -rdynamic CMakeFiles/cmTC_851b4.dir/testCCompiler.c.o  -o cmTC_851b4 
gmake[1]: Leaving directory `/home/yuans/CSP/GUROBI/build/CMakeFiles/CMakeTmp'



Detecting C compiler ABI info compiled with the following output:
Change Dir: /home/yuans/CSP/GUROBI/build/CMakeFiles/CMakeTmp

Run Build Command(s):/bin/gmake cmTC_c9f04/fast && /bin/gmake -f CMakeFiles/cmTC_c9f04.dir/build.make CMakeFiles/cmTC_c9f04.dir/build
gmake[1]: Entering directory `/home/yuans/CSP/GUROBI/build/CMakeFiles/CMakeTmp'
Building C object CMakeFiles/cmTC_c9f04.dir/CMakeCCompilerABI.c.o
/usr/local/gcc/8.1.0/bin/gcc   -I/usr/local/gcc/8.1.0/include    -v -o CMakeFiles/cmTC_c9f04.dir/CMakeCCompilerABI.c.o   -c /usr/local/cmake/3.15.4-gcc8/share/cmake-3.15/Modules/CMakeCCompilerABI.c
Using built-in specs.
COLLECT_GCC=/usr/local/gcc/8.1.0/bin/gcc
Target: x86_64-pc-linux-gnu
Configured with: ../gcc-8.1.0/configure --prefix=/usr/local/gcc/8.1.0 --enable-shared --enable-threads --enable-languages=c,c++,fortran --with-endian=little --disable-multilib
Thread model: posix
gcc version 8.1.0 (GCC) 
COLLECT_GCC_OPTIONS='-I' '/usr/local/gcc/8.1.0/include' '-v' '-o' 'CMakeFiles/cmTC_c9f04.dir/CMakeCCompilerABI.c.o' '-c' '-mtune=generic' '-march=x86-64'
 /usr/local/gcc/8.1.0/libexec/gcc/x86_64-pc-linux-gnu/8.1.0/cc1 -quiet -v -I /usr/local/gcc/8.1.0/include /usr/local/cmake/3.15.4-gcc8/share/cmake-3.15/Modules/CMakeCCompilerABI.c -quiet -dumpbase CMakeCCompilerABI.c -mtune=generic -march=x86-64 -auxbase-strip CMakeFiles/cmTC_c9f04.dir/CMakeCCompilerABI.c.o -version -o /tmp/cc423VP3.s
GNU C17 (GCC) version 8.1.0 (x86_64-pc-linux-gnu)
	compiled by GNU C version 8.1.0, GMP version 6.1.0, MPFR version 3.1.4, MPC version 1.0.3, isl version isl-0.18-GMP

GGC heuristics: --param ggc-min-expand=100 --param ggc-min-heapsize=131072
ignoring nonexistent directory "/usr/local/gcc/8.1.0/lib/gcc/x86_64-pc-linux-gnu/8.1.0/../../../../x86_64-pc-linux-gnu/include"
ignoring duplicate directory "/usr/local/gcc/8.1.0/include"
  as it is a non-system directory that duplicates a system directory
#include "..." search starts here:
#include <...> search starts here:
 /usr/local/gcc/8.1.0/lib/gcc/x86_64-pc-linux-gnu/8.1.0/include
 /usr/local/include
 /usr/local/gcc/8.1.0/include
 /usr/local/gcc/8.1.0/lib/gcc/x86_64-pc-linux-gnu/8.1.0/include-fixed
 /usr/include
End of search list.
GNU C17 (GCC) version 8.1.0 (x86_64-pc-linux-gnu)
	compiled by GNU C version 8.1.0, GMP version 6.1.0, MPFR version 3.1.4, MPC version 1.0.3, isl version isl-0.18-GMP

GGC heuristics: --param ggc-min-expand=100 --param ggc-min-heapsize=131072
Compiler executable checksum: 7a63cb386fa4b88567c603611c3f3449
COLLECT_GCC_OPTIONS='-I' '/usr/local/gcc/8.1.0/include' '-v' '-o' 'CMakeFiles/cmTC_c9f04.dir/CMakeCCompilerABI.c.o' '-c' '-mtune=generic' '-march=x86-64'
 as -v -I /usr/local/gcc/8.1.0/include --64 -o CMakeFiles/cmTC_c9f04.dir/CMakeCCompilerABI.c.o /tmp/cc423VP3.s
GNU assembler version 2.27 (x86_64-redhat-linux) using BFD version version 2.27-41.base.el7_7.2
COMPILER_PATH=/usr/local/gcc/8.1.0/libexec/gcc/x86_64-pc-linux-gnu/8.1.0/:/usr/local/gcc/8.1.0/libexec/gcc/x86_64-pc-linux-gnu/8.1.0/:/usr/local/gcc/8.1.0/libexec/gcc/x86_64-pc-linux-gnu/:/usr/local/gcc/8.1.0/lib/gcc/x86_64-pc-linux-gnu/8.1.0/:/usr/local/gcc/8.1.0/lib/gcc/x86_64-pc-linux-gnu/
LIBRARY_PATH=/usr/local/gcc/8.1.0/lib64/../lib64/:/usr/local/gcc/8.1.0/lib/gcc/x86_64-pc-linux-gnu/8.1.0/:/usr/local/gcc/8.1.0/lib/gcc/x86_64-pc-linux-gnu/8.1.0/../../../../lib64/:/lib/../lib64/:/usr/lib/../lib64/:/usr/local/gcc/8.1.0/lib64/:/usr/local/gcc/8.1.0/lib/gcc/x86_64-pc-linux-gnu/8.1.0/../../../:/lib/:/usr/lib/
COLLECT_GCC_OPTIONS='-I' '/usr/local/gcc/8.1.0/include' '-v' '-o' 'CMakeFiles/cmTC_c9f04.dir/CMakeCCompilerABI.c.o' '-c' '-mtune=generic' '-march=x86-64'
Linking C executable cmTC_c9f04
/usr/local/cmake/3.15.4-gcc8/bin/cmake -E cmake_link_script CMakeFiles/cmTC_c9f04.dir/link.txt --verbose=1
/usr/local/gcc/8.1.0/bin/gcc -I/usr/local/gcc/8.1.0/include   -L/usr/local/cmake/3.15.4-gcc8/lib -L/usr/local/gcc/8.1.0/lib64 -v -rdynamic CMakeFiles/cmTC_c9f04.dir/CMakeCCompilerABI.c.o  -o cmTC_c9f04 
Using built-in specs.
COLLECT_GCC=/usr/local/gcc/8.1.0/bin/gcc
COLLECT_LTO_WRAPPER=/usr/local/gcc/8.1.0/libexec/gcc/x86_64-pc-linux-gnu/8.1.0/lto-wrapper
Target: x86_64-pc-linux-gnu
Configured with: ../gcc-8.1.0/configure --prefix=/usr/local/gcc/8.1.0 --enable-shared --enable-threads --enable-languages=c,c++,fortran --with-endian=little --disable-multilib
Thread model: posix
gcc version 8.1.0 (GCC) 
COMPILER_PATH=/usr/local/gcc/8.1.0/libexec/gcc/x86_64-pc-linux-gnu/8.1.0/:/usr/local/gcc/8.1.0/libexec/gcc/x86_64-pc-linux-gnu/8.1.0/:/usr/local/gcc/8.1.0/libexec/gcc/x86_64-pc-linux-gnu/:/usr/local/gcc/8.1.0/lib/gcc/x86_64-pc-linux-gnu/8.1.0/:/usr/local/gcc/8.1.0/lib/gcc/x86_64-pc-linux-gnu/
LIBRARY_PATH=/usr/local/gcc/8.1.0/lib64/../lib64/:/usr/local/gcc/8.1.0/lib/gcc/x86_64-pc-linux-gnu/8.1.0/:/usr/local/gcc/8.1.0/lib/gcc/x86_64-pc-linux-gnu/8.1.0/../../../../lib64/:/lib/../lib64/:/usr/lib/../lib64/:/usr/local/gcc/8.1.0/lib64/:/usr/local/gcc/8.1.0/lib/gcc/x86_64-pc-linux-gnu/8.1.0/../../../:/lib/:/usr/lib/
COLLECT_GCC_OPTIONS='-I' '/usr/local/gcc/8.1.0/include' '-L/usr/local/cmake/3.15.4-gcc8/lib' '-L/usr/local/gcc/8.1.0/lib64' '-v' '-rdynamic' '-o' 'cmTC_c9f04' '-mtune=generic' '-march=x86-64'
 /usr/local/gcc/8.1.0/libexec/gcc/x86_64-pc-linux-gnu/8.1.0/collect2 -plugin /usr/local/gcc/8.1.0/libexec/gcc/x86_64-pc-linux-gnu/8.1.0/liblto_plugin.so -plugin-opt=/usr/local/gcc/8.1.0/libexec/gcc/x86_64-pc-linux-gnu/8.1.0/lto-wrapper -plugin-opt=-fresolution=/tmp/ccJz5c5b.res -plugin-opt=-pass-through=-lgcc -plugin-opt=-pass-through=-lgcc_s -plugin-opt=-pass-through=-lc -plugin-opt=-pass-through=-lgcc -plugin-opt=-pass-through=-lgcc_s --eh-frame-hdr -m elf_x86_64 -export-dynamic -dynamic-linker /lib64/ld-linux-x86-64.so.2 -o cmTC_c9f04 /lib/../lib64/crt1.o /lib/../lib64/crti.o /usr/local/gcc/8.1.0/lib/gcc/x86_64-pc-linux-gnu/8.1.0/crtbegin.o -L/usr/local/cmake/3.15.4-gcc8/lib -L/usr/local/gcc/8.1.0/lib64 -L/usr/local/gcc/8.1.0/lib64/../lib64 -L/usr/local/gcc/8.1.0/lib/gcc/x86_64-pc-linux-gnu/8.1.0 -L/usr/local/gcc/8.1.0/lib/gcc/x86_64-pc-linux-gnu/8.1.0/../../../../lib64 -L/lib/../lib64 -L/usr/lib/../lib64 -L/usr/local/gcc/8.1.0/lib64 -L/usr/local/gcc/8.1.0/lib/gcc/x86_64-pc-linux-gnu/8.1.0/../../.. CMakeFiles/cmTC_c9f04.dir/CMakeCCompilerABI.c.o -lgcc --as-needed -lgcc_s --no-as-needed -lc -lgcc --as-needed -lgcc_s --no-as-needed /usr/local/gcc/8.1.0/lib/gcc/x86_64-pc-linux-gnu/8.1.0/crtend.o /lib/../lib64/crtn.o
COLLECT_GCC_OPTIONS='-I' '/usr/local/gcc/8.1.0/include' '-L/usr/local/cmake/3.15.4-gcc8/lib' '-L/usr/local/gcc/8.1.0/lib64' '-v' '-rdynamic' '-o' 'cmTC_c9f04' '-mtune=generic' '-march=x86-64'
gmake[1]: Leaving directory `/home/yuans/CSP/GUROBI/build/CMakeFiles/CMakeTmp'



Parsed C implicit include dir info from above output: rv=done
  found start of include info
  found start of implicit include info
    add: [/usr/local/gcc/8.1.0/lib/gcc/x86_64-pc-linux-gnu/8.1.0/include]
    add: [/usr/local/include]
    add: [/usr/local/gcc/8.1.0/include]
    add: [/usr/local/gcc/8.1.0/lib/gcc/x86_64-pc-linux-gnu/8.1.0/include-fixed]
    add: [/usr/include]
  end of search list found
  collapse include dir [/usr/local/gcc/8.1.0/lib/gcc/x86_64-pc-linux-gnu/8.1.0/include] ==> [/usr/local/gcc/8.1.0/lib/gcc/x86_64-pc-linux-gnu/8.1.0/include]
  collapse include dir [/usr/local/include] ==> [/usr/local/include]
  collapse include dir [/usr/local/gcc/8.1.0/include] ==> [/usr/local/gcc/8.1.0/include]
  collapse include dir [/usr/local/gcc/8.1.0/lib/gcc/x86_64-pc-linux-gnu/8.1.0/include-fixed] ==> [/usr/local/gcc/8.1.0/lib/gcc/x86_64-pc-linux-gnu/8.1.0/include-fixed]
  collapse include dir [/usr/include] ==> [/usr/include]
  implicit include dirs: [/usr/local/gcc/8.1.0/lib/gcc/x86_64-pc-linux-gnu/8.1.0/include;/usr/local/include;/usr/local/gcc/8.1.0/include;/usr/local/gcc/8.1.0/lib/gcc/x86_64-pc-linux-gnu/8.1.0/include-fixed;/usr/include]


Parsed C implicit link information from above output:
  link line regex: [^( *|.*[/\])(ld|CMAKE_LINK_STARTFILE-NOTFOUND|([^/\]+-)?ld|collect2)[^/\]*( |$)]
  ignore line: [Change Dir: /home/yuans/CSP/GUROBI/build/CMakeFiles/CMakeTmp]
  ignore line: []
  ignore line: [Run Build Command(s):/bin/gmake cmTC_c9f04/fast && /bin/gmake -f CMakeFiles/cmTC_c9f04.dir/build.make CMakeFiles/cmTC_c9f04.dir/build]
  ignore line: [gmake[1]: Entering directory `/home/yuans/CSP/GUROBI/build/CMakeFiles/CMakeTmp']
  ignore line: [Building C object CMakeFiles/cmTC_c9f04.dir/CMakeCCompilerABI.c.o]
  ignore line: [/usr/local/gcc/8.1.0/bin/gcc   -I/usr/local/gcc/8.1.0/include    -v -o CMakeFiles/cmTC_c9f04.dir/CMakeCCompilerABI.c.o   -c /usr/local/cmake/3.15.4-gcc8/share/cmake-3.15/Modules/CMakeCCompilerABI.c]
  ignore line: [Using built-in specs.]
  ignore line: [COLLECT_GCC=/usr/local/gcc/8.1.0/bin/gcc]
  ignore line: [Target: x86_64-pc-linux-gnu]
  ignore line: [Configured with: ../gcc-8.1.0/configure --prefix=/usr/local/gcc/8.1.0 --enable-shared --enable-threads --enable-languages=c,c++,fortran --with-endian=little --disable-multilib]
  ignore line: [Thread model: posix]
  ignore line: [gcc version 8.1.0 (GCC) ]
  ignore line: [COLLECT_GCC_OPTIONS='-I' '/usr/local/gcc/8.1.0/include' '-v' '-o' 'CMakeFiles/cmTC_c9f04.dir/CMakeCCompilerABI.c.o' '-c' '-mtune=generic' '-march=x86-64']
  ignore line: [ /usr/local/gcc/8.1.0/libexec/gcc/x86_64-pc-linux-gnu/8.1.0/cc1 -quiet -v -I /usr/local/gcc/8.1.0/include /usr/local/cmake/3.15.4-gcc8/share/cmake-3.15/Modules/CMakeCCompilerABI.c -quiet -dumpbase CMakeCCompilerABI.c -mtune=generic -march=x86-64 -auxbase-strip CMakeFiles/cmTC_c9f04.dir/CMakeCCompilerABI.c.o -version -o /tmp/cc423VP3.s]
  ignore line: [GNU C17 (GCC) version 8.1.0 (x86_64-pc-linux-gnu)]
  ignore line: [	compiled by GNU C version 8.1.0, GMP version 6.1.0, MPFR version 3.1.4, MPC version 1.0.3, isl version isl-0.18-GMP]
  ignore line: []
  ignore line: [GGC heuristics: --param ggc-min-expand=100 --param ggc-min-heapsize=131072]
  ignore line: [ignoring nonexistent directory "/usr/local/gcc/8.1.0/lib/gcc/x86_64-pc-linux-gnu/8.1.0/../../../../x86_64-pc-linux-gnu/include"]
  ignore line: [ignoring duplicate directory "/usr/local/gcc/8.1.0/include"]
  ignore line: [  as it is a non-system directory that duplicates a system directory]
  ignore line: [#include "..." search starts here:]
  ignore line: [#include <...> search starts here:]
  ignore line: [ /usr/local/gcc/8.1.0/lib/gcc/x86_64-pc-linux-gnu/8.1.0/include]
  ignore line: [ /usr/local/include]
  ignore line: [ /usr/local/gcc/8.1.0/include]
  ignore line: [ /usr/local/gcc/8.1.0/lib/gcc/x86_64-pc-linux-gnu/8.1.0/include-fixed]
  ignore line: [ /usr/include]
  ignore line: [End of search list.]
  ignore line: [GNU C17 (GCC) version 8.1.0 (x86_64-pc-linux-gnu)]
  ignore line: [	compiled by GNU C version 8.1.0, GMP version 6.1.0, MPFR version 3.1.4, MPC version 1.0.3, isl version isl-0.18-GMP]
  ignore line: []
  ignore line: [GGC heuristics: --param ggc-min-expand=100 --param ggc-min-heapsize=131072]
  ignore line: [Compiler executable checksum: 7a63cb386fa4b88567c603611c3f3449]
  ignore line: [COLLECT_GCC_OPTIONS='-I' '/usr/local/gcc/8.1.0/include' '-v' '-o' 'CMakeFiles/cmTC_c9f04.dir/CMakeCCompilerABI.c.o' '-c' '-mtune=generic' '-march=x86-64']
  ignore line: [ as -v -I /usr/local/gcc/8.1.0/include --64 -o CMakeFiles/cmTC_c9f04.dir/CMakeCCompilerABI.c.o /tmp/cc423VP3.s]
  ignore line: [GNU assembler version 2.27 (x86_64-redhat-linux) using BFD version version 2.27-41.base.el7_7.2]
  ignore line: [COMPILER_PATH=/usr/local/gcc/8.1.0/libexec/gcc/x86_64-pc-linux-gnu/8.1.0/:/usr/local/gcc/8.1.0/libexec/gcc/x86_64-pc-linux-gnu/8.1.0/:/usr/local/gcc/8.1.0/libexec/gcc/x86_64-pc-linux-gnu/:/usr/local/gcc/8.1.0/lib/gcc/x86_64-pc-linux-gnu/8.1.0/:/usr/local/gcc/8.1.0/lib/gcc/x86_64-pc-linux-gnu/]
  ignore line: [LIBRARY_PATH=/usr/local/gcc/8.1.0/lib64/../lib64/:/usr/local/gcc/8.1.0/lib/gcc/x86_64-pc-linux-gnu/8.1.0/:/usr/local/gcc/8.1.0/lib/gcc/x86_64-pc-linux-gnu/8.1.0/../../../../lib64/:/lib/../lib64/:/usr/lib/../lib64/:/usr/local/gcc/8.1.0/lib64/:/usr/local/gcc/8.1.0/lib/gcc/x86_64-pc-linux-gnu/8.1.0/../../../:/lib/:/usr/lib/]
  ignore line: [COLLECT_GCC_OPTIONS='-I' '/usr/local/gcc/8.1.0/include' '-v' '-o' 'CMakeFiles/cmTC_c9f04.dir/CMakeCCompilerABI.c.o' '-c' '-mtune=generic' '-march=x86-64']
  ignore line: [Linking C executable cmTC_c9f04]
  ignore line: [/usr/local/cmake/3.15.4-gcc8/bin/cmake -E cmake_link_script CMakeFiles/cmTC_c9f04.dir/link.txt --verbose=1]
  ignore line: [/usr/local/gcc/8.1.0/bin/gcc -I/usr/local/gcc/8.1.0/include   -L/usr/local/cmake/3.15.4-gcc8/lib -L/usr/local/gcc/8.1.0/lib64 -v -rdynamic CMakeFiles/cmTC_c9f04.dir/CMakeCCompilerABI.c.o  -o cmTC_c9f04 ]
  ignore line: [Using built-in specs.]
  ignore line: [COLLECT_GCC=/usr/local/gcc/8.1.0/bin/gcc]
  ignore line: [COLLECT_LTO_WRAPPER=/usr/local/gcc/8.1.0/libexec/gcc/x86_64-pc-linux-gnu/8.1.0/lto-wrapper]
  ignore line: [Target: x86_64-pc-linux-gnu]
  ignore line: [Configured with: ../gcc-8.1.0/configure --prefix=/usr/local/gcc/8.1.0 --enable-shared --enable-threads --enable-languages=c,c++,fortran --with-endian=little --disable-multilib]
  ignore line: [Thread model: posix]
  ignore line: [gcc version 8.1.0 (GCC) ]
  ignore line: [COMPILER_PATH=/usr/local/gcc/8.1.0/libexec/gcc/x86_64-pc-linux-gnu/8.1.0/:/usr/local/gcc/8.1.0/libexec/gcc/x86_64-pc-linux-gnu/8.1.0/:/usr/local/gcc/8.1.0/libexec/gcc/x86_64-pc-linux-gnu/:/usr/local/gcc/8.1.0/lib/gcc/x86_64-pc-linux-gnu/8.1.0/:/usr/local/gcc/8.1.0/lib/gcc/x86_64-pc-linux-gnu/]
  ignore line: [LIBRARY_PATH=/usr/local/gcc/8.1.0/lib64/../lib64/:/usr/local/gcc/8.1.0/lib/gcc/x86_64-pc-linux-gnu/8.1.0/:/usr/local/gcc/8.1.0/lib/gcc/x86_64-pc-linux-gnu/8.1.0/../../../../lib64/:/lib/../lib64/:/usr/lib/../lib64/:/usr/local/gcc/8.1.0/lib64/:/usr/local/gcc/8.1.0/lib/gcc/x86_64-pc-linux-gnu/8.1.0/../../../:/lib/:/usr/lib/]
  ignore line: [COLLECT_GCC_OPTIONS='-I' '/usr/local/gcc/8.1.0/include' '-L/usr/local/cmake/3.15.4-gcc8/lib' '-L/usr/local/gcc/8.1.0/lib64' '-v' '-rdynamic' '-o' 'cmTC_c9f04' '-mtune=generic' '-march=x86-64']
  link line: [ /usr/local/gcc/8.1.0/libexec/gcc/x86_64-pc-linux-gnu/8.1.0/collect2 -plugin /usr/local/gcc/8.1.0/libexec/gcc/x86_64-pc-linux-gnu/8.1.0/liblto_plugin.so -plugin-opt=/usr/local/gcc/8.1.0/libexec/gcc/x86_64-pc-linux-gnu/8.1.0/lto-wrapper -plugin-opt=-fresolution=/tmp/ccJz5c5b.res -plugin-opt=-pass-through=-lgcc -plugin-opt=-pass-through=-lgcc_s -plugin-opt=-pass-through=-lc -plugin-opt=-pass-through=-lgcc -plugin-opt=-pass-through=-lgcc_s --eh-frame-hdr -m elf_x86_64 -export-dynamic -dynamic-linker /lib64/ld-linux-x86-64.so.2 -o cmTC_c9f04 /lib/../lib64/crt1.o /lib/../lib64/crti.o /usr/local/gcc/8.1.0/lib/gcc/x86_64-pc-linux-gnu/8.1.0/crtbegin.o -L/usr/local/cmake/3.15.4-gcc8/lib -L/usr/local/gcc/8.1.0/lib64 -L/usr/local/gcc/8.1.0/lib64/../lib64 -L/usr/local/gcc/8.1.0/lib/gcc/x86_64-pc-linux-gnu/8.1.0 -L/usr/local/gcc/8.1.0/lib/gcc/x86_64-pc-linux-gnu/8.1.0/../../../../lib64 -L/lib/../lib64 -L/usr/lib/../lib64 -L/usr/local/gcc/8.1.0/lib64 -L/usr/local/gcc/8.1.0/lib/gcc/x86_64-pc-linux-gnu/8.1.0/../../.. CMakeFiles/cmTC_c9f04.dir/CMakeCCompilerABI.c.o -lgcc --as-needed -lgcc_s --no-as-needed -lc -lgcc --as-needed -lgcc_s --no-as-needed /usr/local/gcc/8.1.0/lib/gcc/x86_64-pc-linux-gnu/8.1.0/crtend.o /lib/../lib64/crtn.o]
    arg [/usr/local/gcc/8.1.0/libexec/gcc/x86_64-pc-linux-gnu/8.1.0/collect2] ==> ignore
    arg [-plugin] ==> ignore
    arg [/usr/local/gcc/8.1.0/libexec/gcc/x86_64-pc-linux-gnu/8.1.0/liblto_plugin.so] ==> ignore
    arg [-plugin-opt=/usr/local/gcc/8.1.0/libexec/gcc/x86_64-pc-linux-gnu/8.1.0/lto-wrapper] ==> ignore
    arg [-plugin-opt=-fresolution=/tmp/ccJz5c5b.res] ==> ignore
    arg [-plugin-opt=-pass-through=-lgcc] ==> ignore
    arg [-plugin-opt=-pass-through=-lgcc_s] ==> ignore
    arg [-plugin-opt=-pass-through=-lc] ==> ignore
    arg [-plugin-opt=-pass-through=-lgcc] ==> ignore
    arg [-plugin-opt=-pass-through=-lgcc_s] ==> ignore
    arg [--eh-frame-hdr] ==> ignore
    arg [-m] ==> ignore
    arg [elf_x86_64] ==> ignore
    arg [-export-dynamic] ==> ignore
    arg [-dynamic-linker] ==> ignore
    arg [/lib64/ld-linux-x86-64.so.2] ==> ignore
    arg [-o] ==> ignore
    arg [cmTC_c9f04] ==> ignore
    arg [/lib/../lib64/crt1.o] ==> ignore
    arg [/lib/../lib64/crti.o] ==> ignore
    arg [/usr/local/gcc/8.1.0/lib/gcc/x86_64-pc-linux-gnu/8.1.0/crtbegin.o] ==> ignore
    arg [-L/usr/local/cmake/3.15.4-gcc8/lib] ==> dir [/usr/local/cmake/3.15.4-gcc8/lib]
    arg [-L/usr/local/gcc/8.1.0/lib64] ==> dir [/usr/local/gcc/8.1.0/lib64]
    arg [-L/usr/local/gcc/8.1.0/lib64/../lib64] ==> dir [/usr/local/gcc/8.1.0/lib64/../lib64]
    arg [-L/usr/local/gcc/8.1.0/lib/gcc/x86_64-pc-linux-gnu/8.1.0] ==> dir [/usr/local/gcc/8.1.0/lib/gcc/x86_64-pc-linux-gnu/8.1.0]
    arg [-L/usr/local/gcc/8.1.0/lib/gcc/x86_64-pc-linux-gnu/8.1.0/../../../../lib64] ==> dir [/usr/local/gcc/8.1.0/lib/gcc/x86_64-pc-linux-gnu/8.1.0/../../../../lib64]
    arg [-L/lib/../lib64] ==> dir [/lib/../lib64]
    arg [-L/usr/lib/../lib64] ==> dir [/usr/lib/../lib64]
    arg [-L/usr/local/gcc/8.1.0/lib64] ==> dir [/usr/local/gcc/8.1.0/lib64]
    arg [-L/usr/local/gcc/8.1.0/lib/gcc/x86_64-pc-linux-gnu/8.1.0/../../..] ==> dir [/usr/local/gcc/8.1.0/lib/gcc/x86_64-pc-linux-gnu/8.1.0/../../..]
    arg [CMakeFiles/cmTC_c9f04.dir/CMakeCCompilerABI.c.o] ==> ignore
    arg [-lgcc] ==> lib [gcc]
    arg [--as-needed] ==> ignore
    arg [-lgcc_s] ==> lib [gcc_s]
    arg [--no-as-needed] ==> ignore
    arg [-lc] ==> lib [c]
    arg [-lgcc] ==> lib [gcc]
    arg [--as-needed] ==> ignore
    arg [-lgcc_s] ==> lib [gcc_s]
    arg [--no-as-needed] ==> ignore
    arg [/usr/local/gcc/8.1.0/lib/gcc/x86_64-pc-linux-gnu/8.1.0/crtend.o] ==> ignore
    arg [/lib/../lib64/crtn.o] ==> ignore
  collapse library dir [/usr/local/cmake/3.15.4-gcc8/lib] ==> [/usr/local/cmake/3.15.4-gcc8/lib]
  collapse library dir [/usr/local/gcc/8.1.0/lib64] ==> [/usr/local/gcc/8.1.0/lib64]
  collapse library dir [/usr/local/gcc/8.1.0/lib64/../lib64] ==> [/usr/local/gcc/8.1.0/lib64]
  collapse library dir [/usr/local/gcc/8.1.0/lib/gcc/x86_64-pc-linux-gnu/8.1.0] ==> [/usr/local/gcc/8.1.0/lib/gcc/x86_64-pc-linux-gnu/8.1.0]
  collapse library dir [/usr/local/gcc/8.1.0/lib/gcc/x86_64-pc-linux-gnu/8.1.0/../../../../lib64] ==> [/usr/local/gcc/8.1.0/lib64]
  collapse library dir [/lib/../lib64] ==> [/lib64]
  collapse library dir [/usr/lib/../lib64] ==> [/usr/lib64]
  collapse library dir [/usr/local/gcc/8.1.0/lib64] ==> [/usr/local/gcc/8.1.0/lib64]
  collapse library dir [/usr/local/gcc/8.1.0/lib/gcc/x86_64-pc-linux-gnu/8.1.0/../../..] ==> [/usr/local/gcc/8.1.0/lib]
  implicit libs: [gcc;gcc_s;c;gcc;gcc_s]
  implicit dirs: [/usr/local/cmake/3.15.4-gcc8/lib;/usr/local/gcc/8.1.0/lib64;/usr/local/gcc/8.1.0/lib/gcc/x86_64-pc-linux-gnu/8.1.0;/lib64;/usr/lib64;/usr/local/gcc/8.1.0/lib]
  implicit fwks: []


Determining if the CXX compiler works passed with the following output:
Change Dir: /home/yuans/CSP/GUROBI/build/CMakeFiles/CMakeTmp

Run Build Command(s):/bin/gmake cmTC_dd407/fast && /bin/gmake -f CMakeFiles/cmTC_dd407.dir/build.make CMakeFiles/cmTC_dd407.dir/build
gmake[1]: Entering directory `/home/yuans/CSP/GUROBI/build/CMakeFiles/CMakeTmp'
Building CXX object CMakeFiles/cmTC_dd407.dir/testCXXCompiler.cxx.o
/usr/local/gcc/8.1.0/bin/g++    -I/usr/local/gcc/8.1.0/include    -o CMakeFiles/cmTC_dd407.dir/testCXXCompiler.cxx.o -c /home/yuans/CSP/GUROBI/build/CMakeFiles/CMakeTmp/testCXXCompiler.cxx
Linking CXX executable cmTC_dd407
/usr/local/cmake/3.15.4-gcc8/bin/cmake -E cmake_link_script CMakeFiles/cmTC_dd407.dir/link.txt --verbose=1
/usr/local/gcc/8.1.0/bin/g++  -I/usr/local/gcc/8.1.0/include   -L/usr/local/cmake/3.15.4-gcc8/lib -L/usr/local/gcc/8.1.0/lib64  -rdynamic CMakeFiles/cmTC_dd407.dir/testCXXCompiler.cxx.o  -o cmTC_dd407 
gmake[1]: Leaving directory `/home/yuans/CSP/GUROBI/build/CMakeFiles/CMakeTmp'



Detecting CXX compiler ABI info compiled with the following output:
Change Dir: /home/yuans/CSP/GUROBI/build/CMakeFiles/CMakeTmp

Run Build Command(s):/bin/gmake cmTC_88838/fast && /bin/gmake -f CMakeFiles/cmTC_88838.dir/build.make CMakeFiles/cmTC_88838.dir/build
gmake[1]: Entering directory `/home/yuans/CSP/GUROBI/build/CMakeFiles/CMakeTmp'
Building CXX object CMakeFiles/cmTC_88838.dir/CMakeCXXCompilerABI.cpp.o
/usr/local/gcc/8.1.0/bin/g++    -I/usr/local/gcc/8.1.0/include    -v -o CMakeFiles/cmTC_88838.dir/CMakeCXXCompilerABI.cpp.o -c /usr/local/cmake/3.15.4-gcc8/share/cmake-3.15/Modules/CMakeCXXCompilerABI.cpp
Using built-in specs.
COLLECT_GCC=/usr/local/gcc/8.1.0/bin/g++
Target: x86_64-pc-linux-gnu
Configured with: ../gcc-8.1.0/configure --prefix=/usr/local/gcc/8.1.0 --enable-shared --enable-threads --enable-languages=c,c++,fortran --with-endian=little --disable-multilib
Thread model: posix
gcc version 8.1.0 (GCC) 
COLLECT_GCC_OPTIONS='-I' '/usr/local/gcc/8.1.0/include' '-v' '-o' 'CMakeFiles/cmTC_88838.dir/CMakeCXXCompilerABI.cpp.o' '-c' '-shared-libgcc' '-mtune=generic' '-march=x86-64'
 /usr/local/gcc/8.1.0/libexec/gcc/x86_64-pc-linux-gnu/8.1.0/cc1plus -quiet -v -I /usr/local/gcc/8.1.0/include -D_GNU_SOURCE /usr/local/cmake/3.15.4-gcc8/share/cmake-3.15/Modules/CMakeCXXCompilerABI.cpp -quiet -dumpbase CMakeCXXCompilerABI.cpp -mtune=generic -march=x86-64 -auxbase-strip CMakeFiles/cmTC_88838.dir/CMakeCXXCompilerABI.cpp.o -version -o /tmp/cctclraG.s
GNU C++14 (GCC) version 8.1.0 (x86_64-pc-linux-gnu)
	compiled by GNU C version 8.1.0, GMP version 6.1.0, MPFR version 3.1.4, MPC version 1.0.3, isl version isl-0.18-GMP

GGC heuristics: --param ggc-min-expand=100 --param ggc-min-heapsize=131072
ignoring nonexistent directory "/usr/local/gcc/8.1.0/lib/gcc/x86_64-pc-linux-gnu/8.1.0/../../../../x86_64-pc-linux-gnu/include"
ignoring duplicate directory "/usr/local/gcc/8.1.0/include"
  as it is a non-system directory that duplicates a system directory
#include "..." search starts here:
#include <...> search starts here:
 /usr/local/gcc/8.1.0/lib/gcc/x86_64-pc-linux-gnu/8.1.0/../../../../include/c++/8.1.0
 /usr/local/gcc/8.1.0/lib/gcc/x86_64-pc-linux-gnu/8.1.0/../../../../include/c++/8.1.0/x86_64-pc-linux-gnu
 /usr/local/gcc/8.1.0/lib/gcc/x86_64-pc-linux-gnu/8.1.0/../../../../include/c++/8.1.0/backward
 /usr/local/gcc/8.1.0/lib/gcc/x86_64-pc-linux-gnu/8.1.0/include
 /usr/local/include
 /usr/local/gcc/8.1.0/include
 /usr/local/gcc/8.1.0/lib/gcc/x86_64-pc-linux-gnu/8.1.0/include-fixed
 /usr/include
End of search list.
GNU C++14 (GCC) version 8.1.0 (x86_64-pc-linux-gnu)
	compiled by GNU C version 8.1.0, GMP version 6.1.0, MPFR version 3.1.4, MPC version 1.0.3, isl version isl-0.18-GMP

GGC heuristics: --param ggc-min-expand=100 --param ggc-min-heapsize=131072
Compiler executable checksum: 493f21669af0fadba1e42d6c466d75c8
COLLECT_GCC_OPTIONS='-I' '/usr/local/gcc/8.1.0/include' '-v' '-o' 'CMakeFiles/cmTC_88838.dir/CMakeCXXCompilerABI.cpp.o' '-c' '-shared-libgcc' '-mtune=generic' '-march=x86-64'
 as -v -I /usr/local/gcc/8.1.0/include --64 -o CMakeFiles/cmTC_88838.dir/CMakeCXXCompilerABI.cpp.o /tmp/cctclraG.s
GNU assembler version 2.27 (x86_64-redhat-linux) using BFD version version 2.27-41.base.el7_7.2
COMPILER_PATH=/usr/local/gcc/8.1.0/libexec/gcc/x86_64-pc-linux-gnu/8.1.0/:/usr/local/gcc/8.1.0/libexec/gcc/x86_64-pc-linux-gnu/8.1.0/:/usr/local/gcc/8.1.0/libexec/gcc/x86_64-pc-linux-gnu/:/usr/local/gcc/8.1.0/lib/gcc/x86_64-pc-linux-gnu/8.1.0/:/usr/local/gcc/8.1.0/lib/gcc/x86_64-pc-linux-gnu/
LIBRARY_PATH=/usr/local/gcc/8.1.0/lib64/../lib64/:/usr/local/gcc/8.1.0/lib/gcc/x86_64-pc-linux-gnu/8.1.0/:/usr/local/gcc/8.1.0/lib/gcc/x86_64-pc-linux-gnu/8.1.0/../../../../lib64/:/lib/../lib64/:/usr/lib/../lib64/:/usr/local/gcc/8.1.0/lib64/:/usr/local/gcc/8.1.0/lib/gcc/x86_64-pc-linux-gnu/8.1.0/../../../:/lib/:/usr/lib/
COLLECT_GCC_OPTIONS='-I' '/usr/local/gcc/8.1.0/include' '-v' '-o' 'CMakeFiles/cmTC_88838.dir/CMakeCXXCompilerABI.cpp.o' '-c' '-shared-libgcc' '-mtune=generic' '-march=x86-64'
Linking CXX executable cmTC_88838
/usr/local/cmake/3.15.4-gcc8/bin/cmake -E cmake_link_script CMakeFiles/cmTC_88838.dir/link.txt --verbose=1
/usr/local/gcc/8.1.0/bin/g++  -I/usr/local/gcc/8.1.0/include   -L/usr/local/cmake/3.15.4-gcc8/lib -L/usr/local/gcc/8.1.0/lib64 -v -rdynamic CMakeFiles/cmTC_88838.dir/CMakeCXXCompilerABI.cpp.o  -o cmTC_88838 
Using built-in specs.
COLLECT_GCC=/usr/local/gcc/8.1.0/bin/g++
COLLECT_LTO_WRAPPER=/usr/local/gcc/8.1.0/libexec/gcc/x86_64-pc-linux-gnu/8.1.0/lto-wrapper
Target: x86_64-pc-linux-gnu
Configured with: ../gcc-8.1.0/configure --prefix=/usr/local/gcc/8.1.0 --enable-shared --enable-threads --enable-languages=c,c++,fortran --with-endian=little --disable-multilib
Thread model: posix
gcc version 8.1.0 (GCC) 
COMPILER_PATH=/usr/local/gcc/8.1.0/libexec/gcc/x86_64-pc-linux-gnu/8.1.0/:/usr/local/gcc/8.1.0/libexec/gcc/x86_64-pc-linux-gnu/8.1.0/:/usr/local/gcc/8.1.0/libexec/gcc/x86_64-pc-linux-gnu/:/usr/local/gcc/8.1.0/lib/gcc/x86_64-pc-linux-gnu/8.1.0/:/usr/local/gcc/8.1.0/lib/gcc/x86_64-pc-linux-gnu/
LIBRARY_PATH=/usr/local/gcc/8.1.0/lib64/../lib64/:/usr/local/gcc/8.1.0/lib/gcc/x86_64-pc-linux-gnu/8.1.0/:/usr/local/gcc/8.1.0/lib/gcc/x86_64-pc-linux-gnu/8.1.0/../../../../lib64/:/lib/../lib64/:/usr/lib/../lib64/:/usr/local/gcc/8.1.0/lib64/:/usr/local/gcc/8.1.0/lib/gcc/x86_64-pc-linux-gnu/8.1.0/../../../:/lib/:/usr/lib/
COLLECT_GCC_OPTIONS='-I' '/usr/local/gcc/8.1.0/include' '-L/usr/local/cmake/3.15.4-gcc8/lib' '-L/usr/local/gcc/8.1.0/lib64' '-v' '-rdynamic' '-o' 'cmTC_88838' '-shared-libgcc' '-mtune=generic' '-march=x86-64'
 /usr/local/gcc/8.1.0/libexec/gcc/x86_64-pc-linux-gnu/8.1.0/collect2 -plugin /usr/local/gcc/8.1.0/libexec/gcc/x86_64-pc-linux-gnu/8.1.0/liblto_plugin.so -plugin-opt=/usr/local/gcc/8.1.0/libexec/gcc/x86_64-pc-linux-gnu/8.1.0/lto-wrapper -plugin-opt=-fresolution=/tmp/ccTc3KBK.res -plugin-opt=-pass-through=-lgcc_s -plugin-opt=-pass-through=-lgcc -plugin-opt=-pass-through=-lc -plugin-opt=-pass-through=-lgcc_s -plugin-opt=-pass-through=-lgcc --eh-frame-hdr -m elf_x86_64 -export-dynamic -dynamic-linker /lib64/ld-linux-x86-64.so.2 -o cmTC_88838 /lib/../lib64/crt1.o /lib/../lib64/crti.o /usr/local/gcc/8.1.0/lib/gcc/x86_64-pc-linux-gnu/8.1.0/crtbegin.o -L/usr/local/cmake/3.15.4-gcc8/lib -L/usr/local/gcc/8.1.0/lib64 -L/usr/local/gcc/8.1.0/lib64/../lib64 -L/usr/local/gcc/8.1.0/lib/gcc/x86_64-pc-linux-gnu/8.1.0 -L/usr/local/gcc/8.1.0/lib/gcc/x86_64-pc-linux-gnu/8.1.0/../../../../lib64 -L/lib/../lib64 -L/usr/lib/../lib64 -L/usr/local/gcc/8.1.0/lib64 -L/usr/local/gcc/8.1.0/lib/gcc/x86_64-pc-linux-gnu/8.1.0/../../.. CMakeFiles/cmTC_88838.dir/CMakeCXXCompilerABI.cpp.o -lstdc++ -lm -lgcc_s -lgcc -lc -lgcc_s -lgcc /usr/local/gcc/8.1.0/lib/gcc/x86_64-pc-linux-gnu/8.1.0/crtend.o /lib/../lib64/crtn.o
COLLECT_GCC_OPTIONS='-I' '/usr/local/gcc/8.1.0/include' '-L/usr/local/cmake/3.15.4-gcc8/lib' '-L/usr/local/gcc/8.1.0/lib64' '-v' '-rdynamic' '-o' 'cmTC_88838' '-shared-libgcc' '-mtune=generic' '-march=x86-64'
gmake[1]: Leaving directory `/home/yuans/CSP/GUROBI/build/CMakeFiles/CMakeTmp'



Parsed CXX implicit include dir info from above output: rv=done
  found start of include info
  found start of implicit include info
    add: [/usr/local/gcc/8.1.0/lib/gcc/x86_64-pc-linux-gnu/8.1.0/../../../../include/c++/8.1.0]
    add: [/usr/local/gcc/8.1.0/lib/gcc/x86_64-pc-linux-gnu/8.1.0/../../../../include/c++/8.1.0/x86_64-pc-linux-gnu]
    add: [/usr/local/gcc/8.1.0/lib/gcc/x86_64-pc-linux-gnu/8.1.0/../../../../include/c++/8.1.0/backward]
    add: [/usr/local/gcc/8.1.0/lib/gcc/x86_64-pc-linux-gnu/8.1.0/include]
    add: [/usr/local/include]
    add: [/usr/local/gcc/8.1.0/include]
    add: [/usr/local/gcc/8.1.0/lib/gcc/x86_64-pc-linux-gnu/8.1.0/include-fixed]
    add: [/usr/include]
  end of search list found
  collapse include dir [/usr/local/gcc/8.1.0/lib/gcc/x86_64-pc-linux-gnu/8.1.0/../../../../include/c++/8.1.0] ==> [/usr/local/gcc/8.1.0/include/c++/8.1.0]
  collapse include dir [/usr/local/gcc/8.1.0/lib/gcc/x86_64-pc-linux-gnu/8.1.0/../../../../include/c++/8.1.0/x86_64-pc-linux-gnu] ==> [/usr/local/gcc/8.1.0/include/c++/8.1.0/x86_64-pc-linux-gnu]
  collapse include dir [/usr/local/gcc/8.1.0/lib/gcc/x86_64-pc-linux-gnu/8.1.0/../../../../include/c++/8.1.0/backward] ==> [/usr/local/gcc/8.1.0/include/c++/8.1.0/backward]
  collapse include dir [/usr/local/gcc/8.1.0/lib/gcc/x86_64-pc-linux-gnu/8.1.0/include] ==> [/usr/local/gcc/8.1.0/lib/gcc/x86_64-pc-linux-gnu/8.1.0/include]
  collapse include dir [/usr/local/include] ==> [/usr/local/include]
  collapse include dir [/usr/local/gcc/8.1.0/include] ==> [/usr/local/gcc/8.1.0/include]
  collapse include dir [/usr/local/gcc/8.1.0/lib/gcc/x86_64-pc-linux-gnu/8.1.0/include-fixed] ==> [/usr/local/gcc/8.1.0/lib/gcc/x86_64-pc-linux-gnu/8.1.0/include-fixed]
  collapse include dir [/usr/include] ==> [/usr/include]
  implicit include dirs: [/usr/local/gcc/8.1.0/include/c++/8.1.0;/usr/local/gcc/8.1.0/include/c++/8.1.0/x86_64-pc-linux-gnu;/usr/local/gcc/8.1.0/include/c++/8.1.0/backward;/usr/local/gcc/8.1.0/lib/gcc/x86_64-pc-linux-gnu/8.1.0/include;/usr/local/include;/usr/local/gcc/8.1.0/include;/usr/local/gcc/8.1.0/lib/gcc/x86_64-pc-linux-gnu/8.1.0/include-fixed;/usr/include]


Parsed CXX implicit link information from above output:
  link line regex: [^( *|.*[/\])(ld|CMAKE_LINK_STARTFILE-NOTFOUND|([^/\]+-)?ld|collect2)[^/\]*( |$)]
  ignore line: [Change Dir: /home/yuans/CSP/GUROBI/build/CMakeFiles/CMakeTmp]
  ignore line: []
  ignore line: [Run Build Command(s):/bin/gmake cmTC_88838/fast && /bin/gmake -f CMakeFiles/cmTC_88838.dir/build.make CMakeFiles/cmTC_88838.dir/build]
  ignore line: [gmake[1]: Entering directory `/home/yuans/CSP/GUROBI/build/CMakeFiles/CMakeTmp']
  ignore line: [Building CXX object CMakeFiles/cmTC_88838.dir/CMakeCXXCompilerABI.cpp.o]
  ignore line: [/usr/local/gcc/8.1.0/bin/g++    -I/usr/local/gcc/8.1.0/include    -v -o CMakeFiles/cmTC_88838.dir/CMakeCXXCompilerABI.cpp.o -c /usr/local/cmake/3.15.4-gcc8/share/cmake-3.15/Modules/CMakeCXXCompilerABI.cpp]
  ignore line: [Using built-in specs.]
  ignore line: [COLLECT_GCC=/usr/local/gcc/8.1.0/bin/g++]
  ignore line: [Target: x86_64-pc-linux-gnu]
  ignore line: [Configured with: ../gcc-8.1.0/configure --prefix=/usr/local/gcc/8.1.0 --enable-shared --enable-threads --enable-languages=c,c++,fortran --with-endian=little --disable-multilib]
  ignore line: [Thread model: posix]
  ignore line: [gcc version 8.1.0 (GCC) ]
  ignore line: [COLLECT_GCC_OPTIONS='-I' '/usr/local/gcc/8.1.0/include' '-v' '-o' 'CMakeFiles/cmTC_88838.dir/CMakeCXXCompilerABI.cpp.o' '-c' '-shared-libgcc' '-mtune=generic' '-march=x86-64']
  ignore line: [ /usr/local/gcc/8.1.0/libexec/gcc/x86_64-pc-linux-gnu/8.1.0/cc1plus -quiet -v -I /usr/local/gcc/8.1.0/include -D_GNU_SOURCE /usr/local/cmake/3.15.4-gcc8/share/cmake-3.15/Modules/CMakeCXXCompilerABI.cpp -quiet -dumpbase CMakeCXXCompilerABI.cpp -mtune=generic -march=x86-64 -auxbase-strip CMakeFiles/cmTC_88838.dir/CMakeCXXCompilerABI.cpp.o -version -o /tmp/cctclraG.s]
  ignore line: [GNU C++14 (GCC) version 8.1.0 (x86_64-pc-linux-gnu)]
  ignore line: [	compiled by GNU C version 8.1.0, GMP version 6.1.0, MPFR version 3.1.4, MPC version 1.0.3, isl version isl-0.18-GMP]
  ignore line: []
  ignore line: [GGC heuristics: --param ggc-min-expand=100 --param ggc-min-heapsize=131072]
  ignore line: [ignoring nonexistent directory "/usr/local/gcc/8.1.0/lib/gcc/x86_64-pc-linux-gnu/8.1.0/../../../../x86_64-pc-linux-gnu/include"]
  ignore line: [ignoring duplicate directory "/usr/local/gcc/8.1.0/include"]
  ignore line: [  as it is a non-system directory that duplicates a system directory]
  ignore line: [#include "..." search starts here:]
  ignore line: [#include <...> search starts here:]
  ignore line: [ /usr/local/gcc/8.1.0/lib/gcc/x86_64-pc-linux-gnu/8.1.0/../../../../include/c++/8.1.0]
  ignore line: [ /usr/local/gcc/8.1.0/lib/gcc/x86_64-pc-linux-gnu/8.1.0/../../../../include/c++/8.1.0/x86_64-pc-linux-gnu]
  ignore line: [ /usr/local/gcc/8.1.0/lib/gcc/x86_64-pc-linux-gnu/8.1.0/../../../../include/c++/8.1.0/backward]
  ignore line: [ /usr/local/gcc/8.1.0/lib/gcc/x86_64-pc-linux-gnu/8.1.0/include]
  ignore line: [ /usr/local/include]
  ignore line: [ /usr/local/gcc/8.1.0/include]
  ignore line: [ /usr/local/gcc/8.1.0/lib/gcc/x86_64-pc-linux-gnu/8.1.0/include-fixed]
  ignore line: [ /usr/include]
  ignore line: [End of search list.]
  ignore line: [GNU C++14 (GCC) version 8.1.0 (x86_64-pc-linux-gnu)]
  ignore line: [	compiled by GNU C version 8.1.0, GMP version 6.1.0, MPFR version 3.1.4, MPC version 1.0.3, isl version isl-0.18-GMP]
  ignore line: []
  ignore line: [GGC heuristics: --param ggc-min-expand=100 --param ggc-min-heapsize=131072]
  ignore line: [Compiler executable checksum: 493f21669af0fadba1e42d6c466d75c8]
  ignore line: [COLLECT_GCC_OPTIONS='-I' '/usr/local/gcc/8.1.0/include' '-v' '-o' 'CMakeFiles/cmTC_88838.dir/CMakeCXXCompilerABI.cpp.o' '-c' '-shared-libgcc' '-mtune=generic' '-march=x86-64']
  ignore line: [ as -v -I /usr/local/gcc/8.1.0/include --64 -o CMakeFiles/cmTC_88838.dir/CMakeCXXCompilerABI.cpp.o /tmp/cctclraG.s]
  ignore line: [GNU assembler version 2.27 (x86_64-redhat-linux) using BFD version version 2.27-41.base.el7_7.2]
  ignore line: [COMPILER_PATH=/usr/local/gcc/8.1.0/libexec/gcc/x86_64-pc-linux-gnu/8.1.0/:/usr/local/gcc/8.1.0/libexec/gcc/x86_64-pc-linux-gnu/8.1.0/:/usr/local/gcc/8.1.0/libexec/gcc/x86_64-pc-linux-gnu/:/usr/local/gcc/8.1.0/lib/gcc/x86_64-pc-linux-gnu/8.1.0/:/usr/local/gcc/8.1.0/lib/gcc/x86_64-pc-linux-gnu/]
  ignore line: [LIBRARY_PATH=/usr/local/gcc/8.1.0/lib64/../lib64/:/usr/local/gcc/8.1.0/lib/gcc/x86_64-pc-linux-gnu/8.1.0/:/usr/local/gcc/8.1.0/lib/gcc/x86_64-pc-linux-gnu/8.1.0/../../../../lib64/:/lib/../lib64/:/usr/lib/../lib64/:/usr/local/gcc/8.1.0/lib64/:/usr/local/gcc/8.1.0/lib/gcc/x86_64-pc-linux-gnu/8.1.0/../../../:/lib/:/usr/lib/]
  ignore line: [COLLECT_GCC_OPTIONS='-I' '/usr/local/gcc/8.1.0/include' '-v' '-o' 'CMakeFiles/cmTC_88838.dir/CMakeCXXCompilerABI.cpp.o' '-c' '-shared-libgcc' '-mtune=generic' '-march=x86-64']
  ignore line: [Linking CXX executable cmTC_88838]
  ignore line: [/usr/local/cmake/3.15.4-gcc8/bin/cmake -E cmake_link_script CMakeFiles/cmTC_88838.dir/link.txt --verbose=1]
  ignore line: [/usr/local/gcc/8.1.0/bin/g++  -I/usr/local/gcc/8.1.0/include   -L/usr/local/cmake/3.15.4-gcc8/lib -L/usr/local/gcc/8.1.0/lib64 -v -rdynamic CMakeFiles/cmTC_88838.dir/CMakeCXXCompilerABI.cpp.o  -o cmTC_88838 ]
  ignore line: [Using built-in specs.]
  ignore line: [COLLECT_GCC=/usr/local/gcc/8.1.0/bin/g++]
  ignore line: [COLLECT_LTO_WRAPPER=/usr/local/gcc/8.1.0/libexec/gcc/x86_64-pc-linux-gnu/8.1.0/lto-wrapper]
  ignore line: [Target: x86_64-pc-linux-gnu]
  ignore line: [Configured with: ../gcc-8.1.0/configure --prefix=/usr/local/gcc/8.1.0 --enable-shared --enable-threads --enable-languages=c,c++,fortran --with-endian=little --disable-multilib]
  ignore line: [Thread model: posix]
  ignore line: [gcc version 8.1.0 (GCC) ]
  ignore line: [COMPILER_PATH=/usr/local/gcc/8.1.0/libexec/gcc/x86_64-pc-linux-gnu/8.1.0/:/usr/local/gcc/8.1.0/libexec/gcc/x86_64-pc-linux-gnu/8.1.0/:/usr/local/gcc/8.1.0/libexec/gcc/x86_64-pc-linux-gnu/:/usr/local/gcc/8.1.0/lib/gcc/x86_64-pc-linux-gnu/8.1.0/:/usr/local/gcc/8.1.0/lib/gcc/x86_64-pc-linux-gnu/]
  ignore line: [LIBRARY_PATH=/usr/local/gcc/8.1.0/lib64/../lib64/:/usr/local/gcc/8.1.0/lib/gcc/x86_64-pc-linux-gnu/8.1.0/:/usr/local/gcc/8.1.0/lib/gcc/x86_64-pc-linux-gnu/8.1.0/../../../../lib64/:/lib/../lib64/:/usr/lib/../lib64/:/usr/local/gcc/8.1.0/lib64/:/usr/local/gcc/8.1.0/lib/gcc/x86_64-pc-linux-gnu/8.1.0/../../../:/lib/:/usr/lib/]
  ignore line: [COLLECT_GCC_OPTIONS='-I' '/usr/local/gcc/8.1.0/include' '-L/usr/local/cmake/3.15.4-gcc8/lib' '-L/usr/local/gcc/8.1.0/lib64' '-v' '-rdynamic' '-o' 'cmTC_88838' '-shared-libgcc' '-mtune=generic' '-march=x86-64']
  link line: [ /usr/local/gcc/8.1.0/libexec/gcc/x86_64-pc-linux-gnu/8.1.0/collect2 -plugin /usr/local/gcc/8.1.0/libexec/gcc/x86_64-pc-linux-gnu/8.1.0/liblto_plugin.so -plugin-opt=/usr/local/gcc/8.1.0/libexec/gcc/x86_64-pc-linux-gnu/8.1.0/lto-wrapper -plugin-opt=-fresolution=/tmp/ccTc3KBK.res -plugin-opt=-pass-through=-lgcc_s -plugin-opt=-pass-through=-lgcc -plugin-opt=-pass-through=-lc -plugin-opt=-pass-through=-lgcc_s -plugin-opt=-pass-through=-lgcc --eh-frame-hdr -m elf_x86_64 -export-dynamic -dynamic-linker /lib64/ld-linux-x86-64.so.2 -o cmTC_88838 /lib/../lib64/crt1.o /lib/../lib64/crti.o /usr/local/gcc/8.1.0/lib/gcc/x86_64-pc-linux-gnu/8.1.0/crtbegin.o -L/usr/local/cmake/3.15.4-gcc8/lib -L/usr/local/gcc/8.1.0/lib64 -L/usr/local/gcc/8.1.0/lib64/../lib64 -L/usr/local/gcc/8.1.0/lib/gcc/x86_64-pc-linux-gnu/8.1.0 -L/usr/local/gcc/8.1.0/lib/gcc/x86_64-pc-linux-gnu/8.1.0/../../../../lib64 -L/lib/../lib64 -L/usr/lib/../lib64 -L/usr/local/gcc/8.1.0/lib64 -L/usr/local/gcc/8.1.0/lib/gcc/x86_64-pc-linux-gnu/8.1.0/../../.. CMakeFiles/cmTC_88838.dir/CMakeCXXCompilerABI.cpp.o -lstdc++ -lm -lgcc_s -lgcc -lc -lgcc_s -lgcc /usr/local/gcc/8.1.0/lib/gcc/x86_64-pc-linux-gnu/8.1.0/crtend.o /lib/../lib64/crtn.o]
    arg [/usr/local/gcc/8.1.0/libexec/gcc/x86_64-pc-linux-gnu/8.1.0/collect2] ==> ignore
    arg [-plugin] ==> ignore
    arg [/usr/local/gcc/8.1.0/libexec/gcc/x86_64-pc-linux-gnu/8.1.0/liblto_plugin.so] ==> ignore
    arg [-plugin-opt=/usr/local/gcc/8.1.0/libexec/gcc/x86_64-pc-linux-gnu/8.1.0/lto-wrapper] ==> ignore
    arg [-plugin-opt=-fresolution=/tmp/ccTc3KBK.res] ==> ignore
    arg [-plugin-opt=-pass-through=-lgcc_s] ==> ignore
    arg [-plugin-opt=-pass-through=-lgcc] ==> ignore
    arg [-plugin-opt=-pass-through=-lc] ==> ignore
    arg [-plugin-opt=-pass-through=-lgcc_s] ==> ignore
    arg [-plugin-opt=-pass-through=-lgcc] ==> ignore
    arg [--eh-frame-hdr] ==> ignore
    arg [-m] ==> ignore
    arg [elf_x86_64] ==> ignore
    arg [-export-dynamic] ==> ignore
    arg [-dynamic-linker] ==> ignore
    arg [/lib64/ld-linux-x86-64.so.2] ==> ignore
    arg [-o] ==> ignore
    arg [cmTC_88838] ==> ignore
    arg [/lib/../lib64/crt1.o] ==> ignore
    arg [/lib/../lib64/crti.o] ==> ignore
    arg [/usr/local/gcc/8.1.0/lib/gcc/x86_64-pc-linux-gnu/8.1.0/crtbegin.o] ==> ignore
    arg [-L/usr/local/cmake/3.15.4-gcc8/lib] ==> dir [/usr/local/cmake/3.15.4-gcc8/lib]
    arg [-L/usr/local/gcc/8.1.0/lib64] ==> dir [/usr/local/gcc/8.1.0/lib64]
    arg [-L/usr/local/gcc/8.1.0/lib64/../lib64] ==> dir [/usr/local/gcc/8.1.0/lib64/../lib64]
    arg [-L/usr/local/gcc/8.1.0/lib/gcc/x86_64-pc-linux-gnu/8.1.0] ==> dir [/usr/local/gcc/8.1.0/lib/gcc/x86_64-pc-linux-gnu/8.1.0]
    arg [-L/usr/local/gcc/8.1.0/lib/gcc/x86_64-pc-linux-gnu/8.1.0/../../../../lib64] ==> dir [/usr/local/gcc/8.1.0/lib/gcc/x86_64-pc-linux-gnu/8.1.0/../../../../lib64]
    arg [-L/lib/../lib64] ==> dir [/lib/../lib64]
    arg [-L/usr/lib/../lib64] ==> dir [/usr/lib/../lib64]
    arg [-L/usr/local/gcc/8.1.0/lib64] ==> dir [/usr/local/gcc/8.1.0/lib64]
    arg [-L/usr/local/gcc/8.1.0/lib/gcc/x86_64-pc-linux-gnu/8.1.0/../../..] ==> dir [/usr/local/gcc/8.1.0/lib/gcc/x86_64-pc-linux-gnu/8.1.0/../../..]
    arg [CMakeFiles/cmTC_88838.dir/CMakeCXXCompilerABI.cpp.o] ==> ignore
    arg [-lstdc++] ==> lib [stdc++]
    arg [-lm] ==> lib [m]
    arg [-lgcc_s] ==> lib [gcc_s]
    arg [-lgcc] ==> lib [gcc]
    arg [-lc] ==> lib [c]
    arg [-lgcc_s] ==> lib [gcc_s]
    arg [-lgcc] ==> lib [gcc]
    arg [/usr/local/gcc/8.1.0/lib/gcc/x86_64-pc-linux-gnu/8.1.0/crtend.o] ==> ignore
    arg [/lib/../lib64/crtn.o] ==> ignore
  collapse library dir [/usr/local/cmake/3.15.4-gcc8/lib] ==> [/usr/local/cmake/3.15.4-gcc8/lib]
  collapse library dir [/usr/local/gcc/8.1.0/lib64] ==> [/usr/local/gcc/8.1.0/lib64]
  collapse library dir [/usr/local/gcc/8.1.0/lib64/../lib64] ==> [/usr/local/gcc/8.1.0/lib64]
  collapse library dir [/usr/local/gcc/8.1.0/lib/gcc/x86_64-pc-linux-gnu/8.1.0] ==> [/usr/local/gcc/8.1.0/lib/gcc/x86_64-pc-linux-gnu/8.1.0]
  collapse library dir [/usr/local/gcc/8.1.0/lib/gcc/x86_64-pc-linux-gnu/8.1.0/../../../../lib64] ==> [/usr/local/gcc/8.1.0/lib64]
  collapse library dir [/lib/../lib64] ==> [/lib64]
  collapse library dir [/usr/lib/../lib64] ==> [/usr/lib64]
  collapse library dir [/usr/local/gcc/8.1.0/lib64] ==> [/usr/local/gcc/8.1.0/lib64]
  collapse library dir [/usr/local/gcc/8.1.0/lib/gcc/x86_64-pc-linux-gnu/8.1.0/../../..] ==> [/usr/local/gcc/8.1.0/lib]
  implicit libs: [stdc++;m;gcc_s;gcc;c;gcc_s;gcc]
  implicit dirs: [/usr/local/cmake/3.15.4-gcc8/lib;/usr/local/gcc/8.1.0/lib64;/usr/local/gcc/8.1.0/lib/gcc/x86_64-pc-linux-gnu/8.1.0;/lib64;/usr/lib64;/usr/local/gcc/8.1.0/lib]
  implicit fwks: []


